Copyright 1986-2017 Xilinx, Inc. All Rights Reserved.
---------------------------------------------------------------------------------------------------------------------------------------
| Tool Version : Vivado v.2017.2 (lin64) Build 1909853 Thu Jun 15 18:39:10 MDT 2017
| Date         : Sun Oct 25 12:22:02 2020
| Host         : ad2039 running 64-bit Ubuntu 16.04.6 LTS
| Command      : report_methodology -file design_1_wrapper_methodology_drc_routed.rpt -rpx design_1_wrapper_methodology_drc_routed.rpx
| Design       : design_1_wrapper
| Device       : xczu9eg-ffvb1156-2-i
| Speed File   : -2
| Design State : Routed
---------------------------------------------------------------------------------------------------------------------------------------

Report Methodology

Table of Contents
-----------------
1. REPORT SUMMARY
2. REPORT DETAILS

1. REPORT SUMMARY
-----------------
            Netlist: netlist
          Floorplan: design_1
      Design limits: <entire design considered>
             Max violations: <unlimited>
             Violations found: 1
+--------+----------+---------------------------------------------+------------+
| Rule   | Severity | Description                                 | Violations |
+--------+----------+---------------------------------------------+------------+
| XDCB-5 | Warning  | Runtime inefficient way to find pin objects | 1          |
+--------+----------+---------------------------------------------+------------+

2. REPORT DETAILS
-----------------
XDCB-5#1 Warning
Runtime inefficient way to find pin objects  
The option '-to : [get_pins -hierarchical -filter {NAME =~ *gsckt_wrst.garst_sync[1].arst_sync_inst/Q_reg_reg[0]/D}]' of constraint 'set_false_path' uses inefficient query to find pin objects (see constraint position '4' in the Timing Constraint window in Vivado IDE). To reduce runtime, it is recommended to get the pins through the cell objects. Please refer to Using Constraints Guide (Constraints Efficiency). An example of optimal query is: get_pins -filter {REF_PIN_NAME=~yy*} -of_objects [get_cells -hierarchical xx*].
Current XDC: /home/ad2039/A02DMA/A00HW/dma/dma.srcs/sources_1/bd/design_1/ip/design_1_axis_data_fifo_0_1/design_1_axis_data_fifo_0_1/design_1_axis_data_fifo_0_1.xdc (Line: 61)
Related violations: <none>


