12:29:35 INFO  : Registering command handlers for SDK TCF services
12:29:37 INFO  : Launching XSCT server: xsct -n -interactive /home/ad2039/A02DMA/A00HW/dma/dma.sdk/temp_xsdb_launch_script.tcl
12:29:38 INFO  : XSCT server has started successfully.
12:29:38 INFO  : Successfully done setting XSCT server connection channel  
12:29:38 INFO  : Successfully done setting SDK workspace  
12:29:38 INFO  : Processing command line option -hwspec /home/ad2039/A02DMA/A00HW/dma/dma.sdk/design_1_wrapper.hdf.
12:36:15 INFO  : Connected to target on host '127.0.0.1' and port '3121'.
12:36:33 INFO  : ----------------XSDB Script----------------
connect -url tcp:127.0.0.1:3121
----------------End of Script----------------

12:37:56 INFO  : Connected to target on host '127.0.0.1' and port '3121'.
12:38:14 INFO  : ----------------XSDB Script----------------
connect -url tcp:127.0.0.1:3121
----------------End of Script----------------

12:40:25 ERROR : Unexpected error while parsing XMD response ￿: com.google.gson.JsonSyntaxException: com.google.gson.stream.MalformedJsonException: invalid number or unquoted string near 
12:41:54 INFO  : Launching XSCT server: xsct -n -interactive /home/ad2039/A02DMA/A00HW/dma/dma.sdk/temp_xsdb_launch_script.tcl
12:41:55 INFO  : XSCT server has started successfully.
12:41:55 INFO  : Successfully done setting XSCT server connection channel  
12:41:56 INFO  : Successfully done setting SDK workspace  
12:42:01 INFO  : Registering command handlers for SDK TCF services
12:42:01 INFO  : Processing command line option -hwspec /home/ad2039/A02DMA/A00HW/dma/dma.sdk/design_1_wrapper.hdf.
12:42:02 INFO  : Checking for hwspec changes in the project design_1_wrapper_hw_platform_0.
13:18:12 ERROR : (XSDB Server)Terminated

14:10:57 INFO  : Launching XSCT server: xsct -n -interactive /home/ad2039/A02DMA/A00HW/dma/dma.sdk/temp_xsdb_launch_script.tcl
14:10:58 INFO  : XSCT server has started successfully.
14:10:59 INFO  : Successfully done setting XSCT server connection channel  
14:10:59 INFO  : Successfully done setting SDK workspace  
14:11:04 INFO  : Registering command handlers for SDK TCF services
14:11:04 INFO  : Processing command line option -hwspec /home/ad2039/A02DMA/A00HW/dma/dma.sdk/design_1_wrapper.hdf.
14:11:05 INFO  : Checking for hwspec changes in the project design_1_wrapper_hw_platform_0.
14:11:38 INFO  : Connected to target on host '127.0.0.1' and port '3121'.
14:11:38 INFO  : Jtag cable 'Xilinx Alveo-DMBv1 FT4232H 500202A210OAA' is selected.
14:11:38 INFO  : 'jtag frequency' command is executed.
14:11:38 INFO  : Sourcing of '/opt/Xilinx/SDK/2017.2/scripts/sdk/util/zynqmp_utils.tcl' is done.
14:11:41 ERROR : no targets found with "name =~"APU*" && jtag_cable_name =~ "Xilinx Alveo-DMBv1 FT4232H 500202A210OAA"". available targets:
  1  PS TAP
     2  PMU
     3  PL
  4  14b77093
  5  PSU
     6  RPU (Reset)
        7  Cortex-R5 #0 (RPU Reset)
        8  Cortex-R5 #1 (RPU Reset)
     9  APU (L2 Cache Reset)
       10  Cortex-A53 #0 (APU Reset)
       11  Cortex-A53 #1 (APU Reset)
       12  Cortex-A53 #2 (APU Reset)
       13  Cortex-A53 #3 (APU Reset)
14:11:41 INFO  : ----------------XSDB Script----------------
connect -url tcp:127.0.0.1:3121
source /opt/Xilinx/SDK/2017.2/scripts/sdk/util/zynqmp_utils.tcl
targets -set -nocase -filter {name =~"APU*" && jtag_cable_name =~ "Xilinx Alveo-DMBv1 FT4232H 500202A210OAA"} -index 0
----------------End of Script----------------

14:12:45 INFO  : Connected to target on host '127.0.0.1' and port '3121'.
14:12:52 INFO  : Connected to target on host '127.0.0.1' and port '3121'.
14:12:57 INFO  : Connected to target on host '127.0.0.1' and port '3121'.
14:12:58 INFO  : Jtag cable 'Digilent JTAG-SMT2NC 210308A7B204' is selected.
14:12:58 INFO  : 'jtag frequency' command is executed.
14:12:58 INFO  : Sourcing of '/opt/Xilinx/SDK/2017.2/scripts/sdk/util/zynqmp_utils.tcl' is done.
14:12:58 INFO  : Context for 'APU' is selected.
14:12:58 INFO  : System reset is completed.
14:13:01 INFO  : 'after 3000' command is executed.
14:13:02 INFO  : 'targets -set -filter {jtag_cable_name =~ "Digilent JTAG-SMT2NC 210308A7B204" && level==0} -index 0' command is executed.
14:13:27 INFO  : FPGA configured successfully with bitstream "/home/ad2039/A02DMA/A00HW/dma/dma.sdk/design_1_wrapper_hw_platform_0/design_1_wrapper.bit"
14:13:27 INFO  : Context for 'APU' is selected.
14:13:27 INFO  : Hardware design information is loaded from '/home/ad2039/A02DMA/A00HW/dma/dma.sdk/design_1_wrapper_hw_platform_0/system.hdf'.
14:13:27 INFO  : 'configparams force-mem-access 1' command is executed.
14:13:27 INFO  : Context for 'APU' is selected.
14:13:27 INFO  : Sourcing of '/home/ad2039/A02DMA/A00HW/dma/dma.sdk/design_1_wrapper_hw_platform_0/psu_init.tcl' is done.
14:13:28 INFO  : 'psu_init' command is executed.
14:13:29 INFO  : 'after 1000' command is executed.
14:13:29 INFO  : 'psu_ps_pl_isolation_removal' command is executed.
14:13:30 INFO  : 'after 1000' command is executed.
14:13:30 INFO  : 'psu_ps_pl_reset_config' command is executed.
14:13:30 INFO  : 'catch {psu_protection}' command is executed.
14:13:30 INFO  : Context for processor 'psu_cortexa53_0' is selected.
14:13:30 INFO  : Processor reset is completed for 'psu_cortexa53_0'.
14:13:30 INFO  : The application '/home/ad2039/A02DMA/A00HW/dma/dma.sdk/hello_world/Debug/hello_world.elf' is downloaded to processor 'psu_cortexa53_0'.
14:13:30 INFO  : 'configparams force-mem-access 0' command is executed.
14:13:30 INFO  : ----------------XSDB Script----------------
connect -url tcp:127.0.0.1:3121
source /opt/Xilinx/SDK/2017.2/scripts/sdk/util/zynqmp_utils.tcl
targets -set -nocase -filter {name =~"APU*" && jtag_cable_name =~ "Digilent JTAG-SMT2NC 210308A7B204"} -index 1
rst -system
after 3000
targets -set -filter {jtag_cable_name =~ "Digilent JTAG-SMT2NC 210308A7B204" && level==0} -index 0
fpga -file /home/ad2039/A02DMA/A00HW/dma/dma.sdk/design_1_wrapper_hw_platform_0/design_1_wrapper.bit
targets -set -nocase -filter {name =~"APU*" && jtag_cable_name =~ "Digilent JTAG-SMT2NC 210308A7B204"} -index 1
loadhw -hw /home/ad2039/A02DMA/A00HW/dma/dma.sdk/design_1_wrapper_hw_platform_0/system.hdf -mem-ranges [list {0x80000000 0xbfffffff} {0x400000000 0x5ffffffff} {0x1000000000 0x7fffffffff}]
configparams force-mem-access 1
targets -set -nocase -filter {name =~"APU*" && jtag_cable_name =~ "Digilent JTAG-SMT2NC 210308A7B204"} -index 1
source /home/ad2039/A02DMA/A00HW/dma/dma.sdk/design_1_wrapper_hw_platform_0/psu_init.tcl
psu_init
after 1000
psu_ps_pl_isolation_removal
after 1000
psu_ps_pl_reset_config
catch {psu_protection}
targets -set -nocase -filter {name =~"*A53*0" && jtag_cable_name =~ "Digilent JTAG-SMT2NC 210308A7B204"} -index 1
rst -processor
dow /home/ad2039/A02DMA/A00HW/dma/dma.sdk/hello_world/Debug/hello_world.elf
configparams force-mem-access 0
----------------End of Script----------------

14:13:30 INFO  : Launch script is exported to file '/home/ad2039/A02DMA/A00HW/dma/dma.sdk/.sdk/launch_scripts/xilinx_c-c++_application_(system_debugger)/system_debugger_on_local.tcl'
14:37:07 INFO  : Disconnected from the channel tcfchan#1.
14:37:08 INFO  : Connected to target on host '127.0.0.1' and port '3121'.
14:37:12 INFO  : Jtag cable 'Digilent JTAG-SMT2NC 210308A7B204' is selected.
14:37:12 INFO  : 'jtag frequency' command is executed.
14:37:12 INFO  : Sourcing of '/opt/Xilinx/SDK/2017.2/scripts/sdk/util/zynqmp_utils.tcl' is done.
14:37:12 INFO  : Context for 'APU' is selected.
14:37:13 INFO  : System reset is completed.
14:37:16 INFO  : 'after 3000' command is executed.
14:37:16 INFO  : 'targets -set -filter {jtag_cable_name =~ "Digilent JTAG-SMT2NC 210308A7B204" && level==0} -index 0' command is executed.
14:37:40 INFO  : FPGA configured successfully with bitstream "/home/ad2039/A02DMA/A00HW/dma/dma.sdk/design_1_wrapper_hw_platform_0/design_1_wrapper.bit"
14:37:40 INFO  : Context for 'APU' is selected.
14:37:40 INFO  : Hardware design information is loaded from '/home/ad2039/A02DMA/A00HW/dma/dma.sdk/design_1_wrapper_hw_platform_0/system.hdf'.
14:37:40 INFO  : 'configparams force-mem-access 1' command is executed.
14:37:40 INFO  : Context for 'APU' is selected.
14:37:40 INFO  : Sourcing of '/home/ad2039/A02DMA/A00HW/dma/dma.sdk/design_1_wrapper_hw_platform_0/psu_init.tcl' is done.
14:37:41 INFO  : 'psu_init' command is executed.
14:37:42 INFO  : 'after 1000' command is executed.
14:37:42 INFO  : 'psu_ps_pl_isolation_removal' command is executed.
14:37:43 INFO  : 'after 1000' command is executed.
14:37:43 INFO  : 'psu_ps_pl_reset_config' command is executed.
14:37:43 INFO  : 'catch {psu_protection}' command is executed.
14:37:43 INFO  : Context for processor 'psu_cortexa53_0' is selected.
14:37:43 INFO  : Processor reset is completed for 'psu_cortexa53_0'.
14:37:44 INFO  : The application '/home/ad2039/A02DMA/A00HW/dma/dma.sdk/hello_world/Debug/hello_world.elf' is downloaded to processor 'psu_cortexa53_0'.
14:37:44 INFO  : 'configparams force-mem-access 0' command is executed.
14:37:44 INFO  : ----------------XSDB Script----------------
connect -url tcp:127.0.0.1:3121
source /opt/Xilinx/SDK/2017.2/scripts/sdk/util/zynqmp_utils.tcl
targets -set -nocase -filter {name =~"APU*" && jtag_cable_name =~ "Digilent JTAG-SMT2NC 210308A7B204"} -index 1
rst -system
after 3000
targets -set -filter {jtag_cable_name =~ "Digilent JTAG-SMT2NC 210308A7B204" && level==0} -index 0
fpga -file /home/ad2039/A02DMA/A00HW/dma/dma.sdk/design_1_wrapper_hw_platform_0/design_1_wrapper.bit
targets -set -nocase -filter {name =~"APU*" && jtag_cable_name =~ "Digilent JTAG-SMT2NC 210308A7B204"} -index 1
loadhw -hw /home/ad2039/A02DMA/A00HW/dma/dma.sdk/design_1_wrapper_hw_platform_0/system.hdf -mem-ranges [list {0x80000000 0xbfffffff} {0x400000000 0x5ffffffff} {0x1000000000 0x7fffffffff}]
configparams force-mem-access 1
targets -set -nocase -filter {name =~"APU*" && jtag_cable_name =~ "Digilent JTAG-SMT2NC 210308A7B204"} -index 1
source /home/ad2039/A02DMA/A00HW/dma/dma.sdk/design_1_wrapper_hw_platform_0/psu_init.tcl
psu_init
after 1000
psu_ps_pl_isolation_removal
after 1000
psu_ps_pl_reset_config
catch {psu_protection}
targets -set -nocase -filter {name =~"*A53*0" && jtag_cable_name =~ "Digilent JTAG-SMT2NC 210308A7B204"} -index 1
rst -processor
dow /home/ad2039/A02DMA/A00HW/dma/dma.sdk/hello_world/Debug/hello_world.elf
configparams force-mem-access 0
----------------End of Script----------------

14:37:44 INFO  : Launch script is exported to file '/home/ad2039/A02DMA/A00HW/dma/dma.sdk/.sdk/launch_scripts/xilinx_c-c++_application_(system_debugger)/system_debugger_on_local.tcl'
14:57:03 INFO  : Disconnected from the channel tcfchan#2.
