
*** Running vivado
    with args -log design_1_wrapper.vds -m64 -product Vivado -mode batch -messageDb vivado.pb -notrace -source design_1_wrapper.tcl


****** Vivado v2018.3 (64-bit)
  **** SW Build 2405991 on Thu Dec  6 23:36:41 MST 2018
  **** IP Build 2404404 on Fri Dec  7 01:43:56 MST 2018
    ** Copyright 1986-2018 Xilinx, Inc. All Rights Reserved.

source design_1_wrapper.tcl -notrace
INFO: [IP_Flow 19-234] Refreshing IP repositories
INFO: [IP_Flow 19-1704] No user IP repositories specified
INFO: [IP_Flow 19-2313] Loaded Vivado IP repository '/tools/Xilinx/Vivado/2018.3/data/ip'.
add_files: Time (s): cpu = 00:00:06 ; elapsed = 00:00:07 . Memory (MB): peak = 1381.156 ; gain = 0.000 ; free physical = 2333 ; free virtual = 54639
Command: synth_design -top design_1_wrapper -part xczu9eg-ffvb1156-2-i
Starting synth_design
Attempting to get a license for feature 'Synthesis' and/or device 'xczu9eg'
INFO: [Common 17-349] Got license for feature 'Synthesis' and/or device 'xczu9eg'
INFO: [Common 17-1223] The version limit for your license is '2020.10' and will expire in 6 days. A version limit expiration means that, although you may be able to continue to use the current version of tools or IP with this license, you will not be eligible for any updates or new releases.
INFO: Launching helper process for spawning children vivado processes
INFO: Helper process launched with PID 11144 
---------------------------------------------------------------------------------
Starting RTL Elaboration : Time (s): cpu = 00:00:01 ; elapsed = 00:00:01 . Memory (MB): peak = 1468.305 ; gain = 73.000 ; free physical = 2214 ; free virtual = 54520
---------------------------------------------------------------------------------
INFO: [Synth 8-6157] synthesizing module 'design_1_wrapper' [/home/ad2039/A02DMA/A00HW/dma/dma.srcs/sources_1/bd/design_1/hdl/design_1_wrapper.v:12]
INFO: [Synth 8-6157] synthesizing module 'design_1' [/home/ad2039/A02DMA/A00HW/dma/dma.srcs/sources_1/bd/design_1/synth/design_1.v:13]
INFO: [Synth 8-6157] synthesizing module 'design_1_axi_dma_0_1' [/home/ad2039/A02DMA/A00HW/dma/dma.runs/synth_1/.Xil/Vivado-11108-ad2039/realtime/design_1_axi_dma_0_1_stub.v:6]
INFO: [Synth 8-6155] done synthesizing module 'design_1_axi_dma_0_1' (1#1) [/home/ad2039/A02DMA/A00HW/dma/dma.runs/synth_1/.Xil/Vivado-11108-ad2039/realtime/design_1_axi_dma_0_1_stub.v:6]
WARNING: [Synth 8-350] instance 'axi_dma_0' of module 'design_1_axi_dma_0_1' requires 94 connections, but only 91 given [/home/ad2039/A02DMA/A00HW/dma/dma.srcs/sources_1/bd/design_1/synth/design_1.v:183]
INFO: [Synth 8-6157] synthesizing module 'design_1_axi_smc_1' [/home/ad2039/A02DMA/A00HW/dma/dma.runs/synth_1/.Xil/Vivado-11108-ad2039/realtime/design_1_axi_smc_1_stub.v:6]
INFO: [Synth 8-6155] done synthesizing module 'design_1_axi_smc_1' (2#1) [/home/ad2039/A02DMA/A00HW/dma/dma.runs/synth_1/.Xil/Vivado-11108-ad2039/realtime/design_1_axi_smc_1_stub.v:6]
INFO: [Synth 8-6157] synthesizing module 'design_1_axis_data_fifo_0_1' [/home/ad2039/A02DMA/A00HW/dma/dma.runs/synth_1/.Xil/Vivado-11108-ad2039/realtime/design_1_axis_data_fifo_0_1_stub.v:6]
INFO: [Synth 8-6155] done synthesizing module 'design_1_axis_data_fifo_0_1' (3#1) [/home/ad2039/A02DMA/A00HW/dma/dma.runs/synth_1/.Xil/Vivado-11108-ad2039/realtime/design_1_axis_data_fifo_0_1_stub.v:6]
WARNING: [Synth 8-350] instance 'axis_data_fifo_0' of module 'design_1_axis_data_fifo_0_1' requires 14 connections, but only 12 given [/home/ad2039/A02DMA/A00HW/dma/dma.srcs/sources_1/bd/design_1/synth/design_1.v:377]
INFO: [Synth 8-6157] synthesizing module 'design_1_ps8_0_axi_periph_1' [/home/ad2039/A02DMA/A00HW/dma/dma.srcs/sources_1/bd/design_1/synth/design_1.v:718]
INFO: [Synth 8-6157] synthesizing module 'm00_couplers_imp_QJIMLI' [/home/ad2039/A02DMA/A00HW/dma/dma.srcs/sources_1/bd/design_1/synth/design_1.v:1552]
INFO: [Synth 8-6155] done synthesizing module 'm00_couplers_imp_QJIMLI' (4#1) [/home/ad2039/A02DMA/A00HW/dma/dma.srcs/sources_1/bd/design_1/synth/design_1.v:1552]
INFO: [Synth 8-6157] synthesizing module 's00_couplers_imp_1A7ZMW4' [/home/ad2039/A02DMA/A00HW/dma/dma.srcs/sources_1/bd/design_1/synth/design_1.v:1698]
INFO: [Synth 8-6157] synthesizing module 'design_1_auto_ds_0' [/home/ad2039/A02DMA/A00HW/dma/dma.runs/synth_1/.Xil/Vivado-11108-ad2039/realtime/design_1_auto_ds_0_stub.v:6]
INFO: [Synth 8-6155] done synthesizing module 'design_1_auto_ds_0' (5#1) [/home/ad2039/A02DMA/A00HW/dma/dma.runs/synth_1/.Xil/Vivado-11108-ad2039/realtime/design_1_auto_ds_0_stub.v:6]
INFO: [Synth 8-6157] synthesizing module 'design_1_auto_pc_0' [/home/ad2039/A02DMA/A00HW/dma/dma.runs/synth_1/.Xil/Vivado-11108-ad2039/realtime/design_1_auto_pc_0_stub.v:6]
INFO: [Synth 8-6155] done synthesizing module 'design_1_auto_pc_0' (6#1) [/home/ad2039/A02DMA/A00HW/dma/dma.runs/synth_1/.Xil/Vivado-11108-ad2039/realtime/design_1_auto_pc_0_stub.v:6]
INFO: [Synth 8-6155] done synthesizing module 's00_couplers_imp_1A7ZMW4' (7#1) [/home/ad2039/A02DMA/A00HW/dma/dma.srcs/sources_1/bd/design_1/synth/design_1.v:1698]
INFO: [Synth 8-6157] synthesizing module 's01_couplers_imp_KGUFR9' [/home/ad2039/A02DMA/A00HW/dma/dma.srcs/sources_1/bd/design_1/synth/design_1.v:2108]
INFO: [Synth 8-6155] done synthesizing module 's01_couplers_imp_KGUFR9' (8#1) [/home/ad2039/A02DMA/A00HW/dma/dma.srcs/sources_1/bd/design_1/synth/design_1.v:2108]
WARNING: [Synth 8-350] instance 's01_couplers' of module 's01_couplers_imp_KGUFR9' requires 78 connections, but only 63 given [/home/ad2039/A02DMA/A00HW/dma/dma.srcs/sources_1/bd/design_1/synth/design_1.v:1445]
INFO: [Synth 8-6157] synthesizing module 'design_1_xbar_0' [/home/ad2039/A02DMA/A00HW/dma/dma.runs/synth_1/.Xil/Vivado-11108-ad2039/realtime/design_1_xbar_0_stub.v:6]
INFO: [Synth 8-6155] done synthesizing module 'design_1_xbar_0' (9#1) [/home/ad2039/A02DMA/A00HW/dma/dma.runs/synth_1/.Xil/Vivado-11108-ad2039/realtime/design_1_xbar_0_stub.v:6]
INFO: [Synth 8-6155] done synthesizing module 'design_1_ps8_0_axi_periph_1' (10#1) [/home/ad2039/A02DMA/A00HW/dma/dma.srcs/sources_1/bd/design_1/synth/design_1.v:718]
WARNING: [Synth 8-350] instance 'ps8_0_axi_periph' of module 'design_1_ps8_0_axi_periph_1' requires 101 connections, but only 90 given [/home/ad2039/A02DMA/A00HW/dma/dma.srcs/sources_1/bd/design_1/synth/design_1.v:390]
INFO: [Synth 8-6157] synthesizing module 'design_1_rst_ps8_0_99M_1' [/home/ad2039/A02DMA/A00HW/dma/dma.runs/synth_1/.Xil/Vivado-11108-ad2039/realtime/design_1_rst_ps8_0_99M_1_stub.v:6]
INFO: [Synth 8-6155] done synthesizing module 'design_1_rst_ps8_0_99M_1' (11#1) [/home/ad2039/A02DMA/A00HW/dma/dma.runs/synth_1/.Xil/Vivado-11108-ad2039/realtime/design_1_rst_ps8_0_99M_1_stub.v:6]
WARNING: [Synth 8-350] instance 'rst_ps8_0_99M' of module 'design_1_rst_ps8_0_99M_1' requires 10 connections, but only 7 given [/home/ad2039/A02DMA/A00HW/dma/dma.srcs/sources_1/bd/design_1/synth/design_1.v:481]
WARNING: [Synth 8-4446] all outputs are unconnected for this instance and logic may be removed [/home/ad2039/A02DMA/A00HW/dma/dma.srcs/sources_1/bd/design_1/synth/design_1.v:489]
INFO: [Synth 8-6157] synthesizing module 'design_1_system_ila_0_0' [/home/ad2039/A02DMA/A00HW/dma/dma.runs/synth_1/.Xil/Vivado-11108-ad2039/realtime/design_1_system_ila_0_0_stub.v:6]
INFO: [Synth 8-6155] done synthesizing module 'design_1_system_ila_0_0' (12#1) [/home/ad2039/A02DMA/A00HW/dma/dma.runs/synth_1/.Xil/Vivado-11108-ad2039/realtime/design_1_system_ila_0_0_stub.v:6]
INFO: [Synth 8-6157] synthesizing module 'design_1_xlconcat_0_0' [/home/ad2039/A02DMA/A00HW/dma/dma.srcs/sources_1/bd/design_1/ip/design_1_xlconcat_0_0/synth/design_1_xlconcat_0_0.v:58]
INFO: [Synth 8-6157] synthesizing module 'xlconcat_v2_1_1_xlconcat' [/home/ad2039/A02DMA/A00HW/dma/dma.srcs/sources_1/bd/design_1/ipshared/2f66/hdl/xlconcat_v2_1_vl_rfs.v:14]
	Parameter IN0_WIDTH bound to: 1 - type: integer 
	Parameter IN1_WIDTH bound to: 1 - type: integer 
	Parameter IN2_WIDTH bound to: 1 - type: integer 
	Parameter IN3_WIDTH bound to: 1 - type: integer 
	Parameter IN4_WIDTH bound to: 1 - type: integer 
	Parameter IN5_WIDTH bound to: 1 - type: integer 
	Parameter IN6_WIDTH bound to: 1 - type: integer 
	Parameter IN7_WIDTH bound to: 1 - type: integer 
	Parameter IN8_WIDTH bound to: 1 - type: integer 
	Parameter IN9_WIDTH bound to: 1 - type: integer 
	Parameter IN10_WIDTH bound to: 1 - type: integer 
	Parameter IN11_WIDTH bound to: 1 - type: integer 
	Parameter IN12_WIDTH bound to: 1 - type: integer 
	Parameter IN13_WIDTH bound to: 1 - type: integer 
	Parameter IN14_WIDTH bound to: 1 - type: integer 
	Parameter IN15_WIDTH bound to: 1 - type: integer 
	Parameter IN16_WIDTH bound to: 1 - type: integer 
	Parameter IN17_WIDTH bound to: 1 - type: integer 
	Parameter IN18_WIDTH bound to: 1 - type: integer 
	Parameter IN19_WIDTH bound to: 1 - type: integer 
	Parameter IN20_WIDTH bound to: 1 - type: integer 
	Parameter IN21_WIDTH bound to: 1 - type: integer 
	Parameter IN22_WIDTH bound to: 1 - type: integer 
	Parameter IN23_WIDTH bound to: 1 - type: integer 
	Parameter IN24_WIDTH bound to: 1 - type: integer 
	Parameter IN25_WIDTH bound to: 1 - type: integer 
	Parameter IN26_WIDTH bound to: 1 - type: integer 
	Parameter IN27_WIDTH bound to: 1 - type: integer 
	Parameter IN28_WIDTH bound to: 1 - type: integer 
	Parameter IN29_WIDTH bound to: 1 - type: integer 
	Parameter IN30_WIDTH bound to: 1 - type: integer 
	Parameter IN31_WIDTH bound to: 1 - type: integer 
	Parameter dout_width bound to: 2 - type: integer 
	Parameter NUM_PORTS bound to: 2 - type: integer 
INFO: [Synth 8-6155] done synthesizing module 'xlconcat_v2_1_1_xlconcat' (13#1) [/home/ad2039/A02DMA/A00HW/dma/dma.srcs/sources_1/bd/design_1/ipshared/2f66/hdl/xlconcat_v2_1_vl_rfs.v:14]
INFO: [Synth 8-6155] done synthesizing module 'design_1_xlconcat_0_0' (14#1) [/home/ad2039/A02DMA/A00HW/dma/dma.srcs/sources_1/bd/design_1/ip/design_1_xlconcat_0_0/synth/design_1_xlconcat_0_0.v:58]
INFO: [Synth 8-6157] synthesizing module 'design_1_zynq_ultra_ps_e_0_0' [/home/ad2039/A02DMA/A00HW/dma/dma.runs/synth_1/.Xil/Vivado-11108-ad2039/realtime/design_1_zynq_ultra_ps_e_0_0_stub.v:6]
INFO: [Synth 8-6155] done synthesizing module 'design_1_zynq_ultra_ps_e_0_0' (15#1) [/home/ad2039/A02DMA/A00HW/dma/dma.runs/synth_1/.Xil/Vivado-11108-ad2039/realtime/design_1_zynq_ultra_ps_e_0_0_stub.v:6]
WARNING: [Synth 8-350] instance 'zynq_ultra_ps_e_0' of module 'design_1_zynq_ultra_ps_e_0_0' requires 83 connections, but only 81 given [/home/ad2039/A02DMA/A00HW/dma/dma.srcs/sources_1/bd/design_1/synth/design_1.v:634]
INFO: [Synth 8-6071] Mark debug on the nets applies keep_hierarchy on instance 'axi_dma_0'. This will prevent further optimization [/home/ad2039/A02DMA/A00HW/dma/dma.srcs/sources_1/bd/design_1/synth/design_1.v:183]
INFO: [Synth 8-6071] Mark debug on the nets applies keep_hierarchy on instance 'system_ila_0'. This will prevent further optimization [/home/ad2039/A02DMA/A00HW/dma/dma.srcs/sources_1/bd/design_1/synth/design_1.v:489]
INFO: [Synth 8-6071] Mark debug on the nets applies keep_hierarchy on instance 'axis_data_fifo_0'. This will prevent further optimization [/home/ad2039/A02DMA/A00HW/dma/dma.srcs/sources_1/bd/design_1/synth/design_1.v:377]
INFO: [Synth 8-6071] Mark debug on the nets applies keep_hierarchy on instance 'axi_smc'. This will prevent further optimization [/home/ad2039/A02DMA/A00HW/dma/dma.srcs/sources_1/bd/design_1/synth/design_1.v:275]
INFO: [Synth 8-6071] Mark debug on the nets applies keep_hierarchy on instance 'ps8_0_axi_periph'. This will prevent further optimization [/home/ad2039/A02DMA/A00HW/dma/dma.srcs/sources_1/bd/design_1/synth/design_1.v:390]
INFO: [Synth 8-6071] Mark debug on the nets applies keep_hierarchy on instance 'zynq_ultra_ps_e_0'. This will prevent further optimization [/home/ad2039/A02DMA/A00HW/dma/dma.srcs/sources_1/bd/design_1/synth/design_1.v:634]
INFO: [Synth 8-6155] done synthesizing module 'design_1' (16#1) [/home/ad2039/A02DMA/A00HW/dma/dma.srcs/sources_1/bd/design_1/synth/design_1.v:13]
INFO: [Synth 8-6155] done synthesizing module 'design_1_wrapper' (17#1) [/home/ad2039/A02DMA/A00HW/dma/dma.srcs/sources_1/bd/design_1/hdl/design_1_wrapper.v:12]
WARNING: [Synth 8-3331] design xlconcat_v2_1_1_xlconcat has unconnected port In2[0]
WARNING: [Synth 8-3331] design xlconcat_v2_1_1_xlconcat has unconnected port In3[0]
WARNING: [Synth 8-3331] design xlconcat_v2_1_1_xlconcat has unconnected port In4[0]
WARNING: [Synth 8-3331] design xlconcat_v2_1_1_xlconcat has unconnected port In5[0]
WARNING: [Synth 8-3331] design xlconcat_v2_1_1_xlconcat has unconnected port In6[0]
WARNING: [Synth 8-3331] design xlconcat_v2_1_1_xlconcat has unconnected port In7[0]
WARNING: [Synth 8-3331] design xlconcat_v2_1_1_xlconcat has unconnected port In8[0]
WARNING: [Synth 8-3331] design xlconcat_v2_1_1_xlconcat has unconnected port In9[0]
WARNING: [Synth 8-3331] design xlconcat_v2_1_1_xlconcat has unconnected port In10[0]
WARNING: [Synth 8-3331] design xlconcat_v2_1_1_xlconcat has unconnected port In11[0]
WARNING: [Synth 8-3331] design xlconcat_v2_1_1_xlconcat has unconnected port In12[0]
WARNING: [Synth 8-3331] design xlconcat_v2_1_1_xlconcat has unconnected port In13[0]
WARNING: [Synth 8-3331] design xlconcat_v2_1_1_xlconcat has unconnected port In14[0]
WARNING: [Synth 8-3331] design xlconcat_v2_1_1_xlconcat has unconnected port In15[0]
WARNING: [Synth 8-3331] design xlconcat_v2_1_1_xlconcat has unconnected port In16[0]
WARNING: [Synth 8-3331] design xlconcat_v2_1_1_xlconcat has unconnected port In17[0]
WARNING: [Synth 8-3331] design xlconcat_v2_1_1_xlconcat has unconnected port In18[0]
WARNING: [Synth 8-3331] design xlconcat_v2_1_1_xlconcat has unconnected port In19[0]
WARNING: [Synth 8-3331] design xlconcat_v2_1_1_xlconcat has unconnected port In20[0]
WARNING: [Synth 8-3331] design xlconcat_v2_1_1_xlconcat has unconnected port In21[0]
WARNING: [Synth 8-3331] design xlconcat_v2_1_1_xlconcat has unconnected port In22[0]
WARNING: [Synth 8-3331] design xlconcat_v2_1_1_xlconcat has unconnected port In23[0]
WARNING: [Synth 8-3331] design xlconcat_v2_1_1_xlconcat has unconnected port In24[0]
WARNING: [Synth 8-3331] design xlconcat_v2_1_1_xlconcat has unconnected port In25[0]
WARNING: [Synth 8-3331] design xlconcat_v2_1_1_xlconcat has unconnected port In26[0]
WARNING: [Synth 8-3331] design xlconcat_v2_1_1_xlconcat has unconnected port In27[0]
WARNING: [Synth 8-3331] design xlconcat_v2_1_1_xlconcat has unconnected port In28[0]
WARNING: [Synth 8-3331] design xlconcat_v2_1_1_xlconcat has unconnected port In29[0]
WARNING: [Synth 8-3331] design xlconcat_v2_1_1_xlconcat has unconnected port In30[0]
WARNING: [Synth 8-3331] design xlconcat_v2_1_1_xlconcat has unconnected port In31[0]
WARNING: [Synth 8-3331] design s01_couplers_imp_KGUFR9 has unconnected port M_ACLK
WARNING: [Synth 8-3331] design s01_couplers_imp_KGUFR9 has unconnected port M_ARESETN
WARNING: [Synth 8-3331] design s01_couplers_imp_KGUFR9 has unconnected port S_ACLK
WARNING: [Synth 8-3331] design s01_couplers_imp_KGUFR9 has unconnected port S_ARESETN
WARNING: [Synth 8-3331] design s00_couplers_imp_1A7ZMW4 has unconnected port M_ACLK
WARNING: [Synth 8-3331] design s00_couplers_imp_1A7ZMW4 has unconnected port M_ARESETN
WARNING: [Synth 8-3331] design m00_couplers_imp_QJIMLI has unconnected port M_ACLK
WARNING: [Synth 8-3331] design m00_couplers_imp_QJIMLI has unconnected port M_ARESETN
WARNING: [Synth 8-3331] design m00_couplers_imp_QJIMLI has unconnected port S_ACLK
WARNING: [Synth 8-3331] design m00_couplers_imp_QJIMLI has unconnected port S_ARESETN
WARNING: [Synth 8-3331] design design_1_ps8_0_axi_periph_1 has unconnected port S01_AXI_araddr[39]
WARNING: [Synth 8-3331] design design_1_ps8_0_axi_periph_1 has unconnected port S01_AXI_araddr[38]
WARNING: [Synth 8-3331] design design_1_ps8_0_axi_periph_1 has unconnected port S01_AXI_araddr[37]
WARNING: [Synth 8-3331] design design_1_ps8_0_axi_periph_1 has unconnected port S01_AXI_araddr[36]
WARNING: [Synth 8-3331] design design_1_ps8_0_axi_periph_1 has unconnected port S01_AXI_araddr[35]
WARNING: [Synth 8-3331] design design_1_ps8_0_axi_periph_1 has unconnected port S01_AXI_araddr[34]
WARNING: [Synth 8-3331] design design_1_ps8_0_axi_periph_1 has unconnected port S01_AXI_araddr[33]
WARNING: [Synth 8-3331] design design_1_ps8_0_axi_periph_1 has unconnected port S01_AXI_araddr[32]
WARNING: [Synth 8-3331] design design_1_ps8_0_axi_periph_1 has unconnected port S01_AXI_araddr[31]
WARNING: [Synth 8-3331] design design_1_ps8_0_axi_periph_1 has unconnected port S01_AXI_araddr[30]
WARNING: [Synth 8-3331] design design_1_ps8_0_axi_periph_1 has unconnected port S01_AXI_araddr[29]
WARNING: [Synth 8-3331] design design_1_ps8_0_axi_periph_1 has unconnected port S01_AXI_araddr[28]
WARNING: [Synth 8-3331] design design_1_ps8_0_axi_periph_1 has unconnected port S01_AXI_araddr[27]
WARNING: [Synth 8-3331] design design_1_ps8_0_axi_periph_1 has unconnected port S01_AXI_araddr[26]
WARNING: [Synth 8-3331] design design_1_ps8_0_axi_periph_1 has unconnected port S01_AXI_araddr[25]
WARNING: [Synth 8-3331] design design_1_ps8_0_axi_periph_1 has unconnected port S01_AXI_araddr[24]
WARNING: [Synth 8-3331] design design_1_ps8_0_axi_periph_1 has unconnected port S01_AXI_araddr[23]
WARNING: [Synth 8-3331] design design_1_ps8_0_axi_periph_1 has unconnected port S01_AXI_araddr[22]
WARNING: [Synth 8-3331] design design_1_ps8_0_axi_periph_1 has unconnected port S01_AXI_araddr[21]
WARNING: [Synth 8-3331] design design_1_ps8_0_axi_periph_1 has unconnected port S01_AXI_araddr[20]
WARNING: [Synth 8-3331] design design_1_ps8_0_axi_periph_1 has unconnected port S01_AXI_araddr[19]
WARNING: [Synth 8-3331] design design_1_ps8_0_axi_periph_1 has unconnected port S01_AXI_araddr[18]
WARNING: [Synth 8-3331] design design_1_ps8_0_axi_periph_1 has unconnected port S01_AXI_araddr[17]
WARNING: [Synth 8-3331] design design_1_ps8_0_axi_periph_1 has unconnected port S01_AXI_araddr[16]
WARNING: [Synth 8-3331] design design_1_ps8_0_axi_periph_1 has unconnected port S01_AXI_araddr[15]
WARNING: [Synth 8-3331] design design_1_ps8_0_axi_periph_1 has unconnected port S01_AXI_araddr[14]
WARNING: [Synth 8-3331] design design_1_ps8_0_axi_periph_1 has unconnected port S01_AXI_araddr[13]
WARNING: [Synth 8-3331] design design_1_ps8_0_axi_periph_1 has unconnected port S01_AXI_araddr[12]
WARNING: [Synth 8-3331] design design_1_ps8_0_axi_periph_1 has unconnected port S01_AXI_araddr[11]
WARNING: [Synth 8-3331] design design_1_ps8_0_axi_periph_1 has unconnected port S01_AXI_araddr[10]
WARNING: [Synth 8-3331] design design_1_ps8_0_axi_periph_1 has unconnected port S01_AXI_araddr[9]
WARNING: [Synth 8-3331] design design_1_ps8_0_axi_periph_1 has unconnected port S01_AXI_araddr[8]
WARNING: [Synth 8-3331] design design_1_ps8_0_axi_periph_1 has unconnected port S01_AXI_araddr[7]
WARNING: [Synth 8-3331] design design_1_ps8_0_axi_periph_1 has unconnected port S01_AXI_araddr[6]
WARNING: [Synth 8-3331] design design_1_ps8_0_axi_periph_1 has unconnected port S01_AXI_araddr[5]
WARNING: [Synth 8-3331] design design_1_ps8_0_axi_periph_1 has unconnected port S01_AXI_araddr[4]
WARNING: [Synth 8-3331] design design_1_ps8_0_axi_periph_1 has unconnected port S01_AXI_araddr[3]
WARNING: [Synth 8-3331] design design_1_ps8_0_axi_periph_1 has unconnected port S01_AXI_araddr[2]
WARNING: [Synth 8-3331] design design_1_ps8_0_axi_periph_1 has unconnected port S01_AXI_araddr[1]
WARNING: [Synth 8-3331] design design_1_ps8_0_axi_periph_1 has unconnected port S01_AXI_arburst[1]
WARNING: [Synth 8-3331] design design_1_ps8_0_axi_periph_1 has unconnected port S01_AXI_arcache[3]
WARNING: [Synth 8-3331] design design_1_ps8_0_axi_periph_1 has unconnected port S01_AXI_arcache[2]
WARNING: [Synth 8-3331] design design_1_ps8_0_axi_periph_1 has unconnected port S01_AXI_arcache[1]
WARNING: [Synth 8-3331] design design_1_ps8_0_axi_periph_1 has unconnected port S01_AXI_arid[15]
WARNING: [Synth 8-3331] design design_1_ps8_0_axi_periph_1 has unconnected port S01_AXI_arid[14]
WARNING: [Synth 8-3331] design design_1_ps8_0_axi_periph_1 has unconnected port S01_AXI_arid[13]
WARNING: [Synth 8-3331] design design_1_ps8_0_axi_periph_1 has unconnected port S01_AXI_arid[12]
WARNING: [Synth 8-3331] design design_1_ps8_0_axi_periph_1 has unconnected port S01_AXI_arid[11]
WARNING: [Synth 8-3331] design design_1_ps8_0_axi_periph_1 has unconnected port S01_AXI_arid[10]
WARNING: [Synth 8-3331] design design_1_ps8_0_axi_periph_1 has unconnected port S01_AXI_arid[9]
WARNING: [Synth 8-3331] design design_1_ps8_0_axi_periph_1 has unconnected port S01_AXI_arid[8]
WARNING: [Synth 8-3331] design design_1_ps8_0_axi_periph_1 has unconnected port S01_AXI_arid[7]
WARNING: [Synth 8-3331] design design_1_ps8_0_axi_periph_1 has unconnected port S01_AXI_arid[6]
WARNING: [Synth 8-3331] design design_1_ps8_0_axi_periph_1 has unconnected port S01_AXI_arid[5]
WARNING: [Synth 8-3331] design design_1_ps8_0_axi_periph_1 has unconnected port S01_AXI_arid[4]
WARNING: [Synth 8-3331] design design_1_ps8_0_axi_periph_1 has unconnected port S01_AXI_arid[3]
WARNING: [Synth 8-3331] design design_1_ps8_0_axi_periph_1 has unconnected port S01_AXI_arid[2]
WARNING: [Synth 8-3331] design design_1_ps8_0_axi_periph_1 has unconnected port S01_AXI_arid[1]
WARNING: [Synth 8-3331] design design_1_ps8_0_axi_periph_1 has unconnected port S01_AXI_arlen[7]
WARNING: [Synth 8-3331] design design_1_ps8_0_axi_periph_1 has unconnected port S01_AXI_arlen[6]
INFO: [Common 17-14] Message 'Synth 8-3331' appears 100 times and further instances of the messages will be disabled. Use the Tcl command set_msg_config to change the current settings.
---------------------------------------------------------------------------------
Finished RTL Elaboration : Time (s): cpu = 00:00:02 ; elapsed = 00:00:02 . Memory (MB): peak = 1514.055 ; gain = 118.750 ; free physical = 2219 ; free virtual = 54526
---------------------------------------------------------------------------------

Report Check Netlist: 
+------+------------------+-------+---------+-------+------------------+
|      |Item              |Errors |Warnings |Status |Description       |
+------+------------------+-------+---------+-------+------------------+
|1     |multi_driven_nets |      0|        0|Passed |Multi driven nets |
+------+------------------+-------+---------+-------+------------------+
---------------------------------------------------------------------------------
Start Handling Custom Attributes
---------------------------------------------------------------------------------
---------------------------------------------------------------------------------
Finished Handling Custom Attributes : Time (s): cpu = 00:00:02 ; elapsed = 00:00:02 . Memory (MB): peak = 1514.055 ; gain = 118.750 ; free physical = 2221 ; free virtual = 54528
---------------------------------------------------------------------------------
---------------------------------------------------------------------------------
Finished RTL Optimization Phase 1 : Time (s): cpu = 00:00:02 ; elapsed = 00:00:02 . Memory (MB): peak = 1514.055 ; gain = 118.750 ; free physical = 2221 ; free virtual = 54528
---------------------------------------------------------------------------------
INFO: [Device 21-403] Loading part xczu9eg-ffvb1156-2-i
INFO: [Project 1-570] Preparing netlist for logic optimization

Processing XDC Constraints
Initializing timing engine
Parsing XDC File [/home/ad2039/A02DMA/A00HW/dma/dma.srcs/sources_1/bd/design_1/ip/design_1_zynq_ultra_ps_e_0_0/design_1_zynq_ultra_ps_e_0_0/design_1_zynq_ultra_ps_e_0_0_in_context.xdc] for cell 'design_1_i/zynq_ultra_ps_e_0'
Finished Parsing XDC File [/home/ad2039/A02DMA/A00HW/dma/dma.srcs/sources_1/bd/design_1/ip/design_1_zynq_ultra_ps_e_0_0/design_1_zynq_ultra_ps_e_0_0/design_1_zynq_ultra_ps_e_0_0_in_context.xdc] for cell 'design_1_i/zynq_ultra_ps_e_0'
Parsing XDC File [/home/ad2039/A02DMA/A00HW/dma/dma.srcs/sources_1/bd/design_1/ip/design_1_axi_dma_0_1/design_1_axi_dma_0_1/design_1_axi_dma_0_1_in_context.xdc] for cell 'design_1_i/axi_dma_0'
Finished Parsing XDC File [/home/ad2039/A02DMA/A00HW/dma/dma.srcs/sources_1/bd/design_1/ip/design_1_axi_dma_0_1/design_1_axi_dma_0_1/design_1_axi_dma_0_1_in_context.xdc] for cell 'design_1_i/axi_dma_0'
Parsing XDC File [/home/ad2039/A02DMA/A00HW/dma/dma.srcs/sources_1/bd/design_1/ip/design_1_rst_ps8_0_99M_1/design_1_rst_ps8_0_99M_1/design_1_rst_ps8_0_99M_1_in_context.xdc] for cell 'design_1_i/rst_ps8_0_99M'
Finished Parsing XDC File [/home/ad2039/A02DMA/A00HW/dma/dma.srcs/sources_1/bd/design_1/ip/design_1_rst_ps8_0_99M_1/design_1_rst_ps8_0_99M_1/design_1_rst_ps8_0_99M_1_in_context.xdc] for cell 'design_1_i/rst_ps8_0_99M'
Parsing XDC File [/home/ad2039/A02DMA/A00HW/dma/dma.srcs/sources_1/bd/design_1/ip/design_1_axi_smc_1/design_1_axi_smc_1/design_1_axi_smc_1_in_context.xdc] for cell 'design_1_i/axi_smc'
Finished Parsing XDC File [/home/ad2039/A02DMA/A00HW/dma/dma.srcs/sources_1/bd/design_1/ip/design_1_axi_smc_1/design_1_axi_smc_1/design_1_axi_smc_1_in_context.xdc] for cell 'design_1_i/axi_smc'
Parsing XDC File [/home/ad2039/A02DMA/A00HW/dma/dma.srcs/sources_1/bd/design_1/ip/design_1_axis_data_fifo_0_1/design_1_axis_data_fifo_0_1/design_1_axis_data_fifo_0_1_in_context.xdc] for cell 'design_1_i/axis_data_fifo_0'
Finished Parsing XDC File [/home/ad2039/A02DMA/A00HW/dma/dma.srcs/sources_1/bd/design_1/ip/design_1_axis_data_fifo_0_1/design_1_axis_data_fifo_0_1/design_1_axis_data_fifo_0_1_in_context.xdc] for cell 'design_1_i/axis_data_fifo_0'
Parsing XDC File [/home/ad2039/A02DMA/A00HW/dma/dma.srcs/sources_1/bd/design_1/ip/design_1_system_ila_0_0/design_1_system_ila_0_0/design_1_system_ila_0_0_in_context.xdc] for cell 'design_1_i/system_ila_0'
Finished Parsing XDC File [/home/ad2039/A02DMA/A00HW/dma/dma.srcs/sources_1/bd/design_1/ip/design_1_system_ila_0_0/design_1_system_ila_0_0/design_1_system_ila_0_0_in_context.xdc] for cell 'design_1_i/system_ila_0'
Parsing XDC File [/home/ad2039/A02DMA/A00HW/dma/dma.srcs/sources_1/bd/design_1/ip/design_1_xbar_0/design_1_xbar_0/design_1_xbar_0_in_context.xdc] for cell 'design_1_i/ps8_0_axi_periph/xbar'
Finished Parsing XDC File [/home/ad2039/A02DMA/A00HW/dma/dma.srcs/sources_1/bd/design_1/ip/design_1_xbar_0/design_1_xbar_0/design_1_xbar_0_in_context.xdc] for cell 'design_1_i/ps8_0_axi_periph/xbar'
Parsing XDC File [/home/ad2039/A02DMA/A00HW/dma/dma.srcs/sources_1/bd/design_1/ip/design_1_auto_ds_0/design_1_auto_ds_0/design_1_auto_ds_0_in_context.xdc] for cell 'design_1_i/ps8_0_axi_periph/s00_couplers/auto_ds'
Finished Parsing XDC File [/home/ad2039/A02DMA/A00HW/dma/dma.srcs/sources_1/bd/design_1/ip/design_1_auto_ds_0/design_1_auto_ds_0/design_1_auto_ds_0_in_context.xdc] for cell 'design_1_i/ps8_0_axi_periph/s00_couplers/auto_ds'
Parsing XDC File [/home/ad2039/A02DMA/A00HW/dma/dma.srcs/sources_1/bd/design_1/ip/design_1_auto_pc_0/design_1_auto_pc_0/design_1_auto_pc_0_in_context.xdc] for cell 'design_1_i/ps8_0_axi_periph/s00_couplers/auto_pc'
Finished Parsing XDC File [/home/ad2039/A02DMA/A00HW/dma/dma.srcs/sources_1/bd/design_1/ip/design_1_auto_pc_0/design_1_auto_pc_0/design_1_auto_pc_0_in_context.xdc] for cell 'design_1_i/ps8_0_axi_periph/s00_couplers/auto_pc'
Parsing XDC File [/home/ad2039/A02DMA/A00HW/dma/dma.runs/synth_1/dont_touch.xdc]
Finished Parsing XDC File [/home/ad2039/A02DMA/A00HW/dma/dma.runs/synth_1/dont_touch.xdc]
Completed Processing XDC Constraints

Netlist sorting complete. Time (s): cpu = 00:00:00 ; elapsed = 00:00:00 . Memory (MB): peak = 2494.789 ; gain = 0.000 ; free physical = 1503 ; free virtual = 53810
INFO: [Project 1-111] Unisim Transformation Summary:
No Unisim elements were transformed.

Netlist sorting complete. Time (s): cpu = 00:00:00 ; elapsed = 00:00:00 . Memory (MB): peak = 2494.789 ; gain = 0.000 ; free physical = 1503 ; free virtual = 53810
Constraint Validation Runtime : Time (s): cpu = 00:00:00.02 ; elapsed = 00:00:00.01 . Memory (MB): peak = 2494.789 ; gain = 0.000 ; free physical = 1503 ; free virtual = 53810
---------------------------------------------------------------------------------
Finished Constraint Validation : Time (s): cpu = 00:00:12 ; elapsed = 00:00:19 . Memory (MB): peak = 2494.789 ; gain = 1099.484 ; free physical = 1580 ; free virtual = 53878
---------------------------------------------------------------------------------
---------------------------------------------------------------------------------
Start Loading Part and Timing Information
---------------------------------------------------------------------------------
Loading part: xczu9eg-ffvb1156-2-i
INFO: [Synth 8-6742] Reading net delay rules and data
---------------------------------------------------------------------------------
Finished Loading Part and Timing Information : Time (s): cpu = 00:00:12 ; elapsed = 00:00:19 . Memory (MB): peak = 2494.789 ; gain = 1099.484 ; free physical = 1580 ; free virtual = 53878
---------------------------------------------------------------------------------
---------------------------------------------------------------------------------
Start Applying 'set_property' XDC Constraints
---------------------------------------------------------------------------------
Applied set_property DONT_TOUCH = true for design_1_i. (constraint file  auto generated constraint, line ).
Applied set_property DONT_TOUCH = true for design_1_i/zynq_ultra_ps_e_0. (constraint file  auto generated constraint, line ).
Applied set_property DONT_TOUCH = true for design_1_i/axi_dma_0. (constraint file  auto generated constraint, line ).
Applied set_property DONT_TOUCH = true for design_1_i/ps8_0_axi_periph. (constraint file  auto generated constraint, line ).
Applied set_property DONT_TOUCH = true for design_1_i/rst_ps8_0_99M. (constraint file  auto generated constraint, line ).
Applied set_property DONT_TOUCH = true for design_1_i/axi_smc. (constraint file  auto generated constraint, line ).
Applied set_property DONT_TOUCH = true for design_1_i/axis_data_fifo_0. (constraint file  auto generated constraint, line ).
Applied set_property DONT_TOUCH = true for design_1_i/xlconcat_0. (constraint file  auto generated constraint, line ).
Applied set_property DONT_TOUCH = true for design_1_i/system_ila_0. (constraint file  auto generated constraint, line ).
Applied set_property DONT_TOUCH = true for design_1_i/ps8_0_axi_periph/xbar. (constraint file  auto generated constraint, line ).
Applied set_property DONT_TOUCH = true for design_1_i/ps8_0_axi_periph/s00_couplers/auto_ds. (constraint file  auto generated constraint, line ).
Applied set_property DONT_TOUCH = true for design_1_i/ps8_0_axi_periph/s00_couplers/auto_pc. (constraint file  auto generated constraint, line ).
---------------------------------------------------------------------------------
Finished applying 'set_property' XDC Constraints : Time (s): cpu = 00:00:12 ; elapsed = 00:00:19 . Memory (MB): peak = 2494.789 ; gain = 1099.484 ; free physical = 1583 ; free virtual = 53881
---------------------------------------------------------------------------------
---------------------------------------------------------------------------------
Finished RTL Optimization Phase 2 : Time (s): cpu = 00:00:12 ; elapsed = 00:00:19 . Memory (MB): peak = 2494.789 ; gain = 1099.484 ; free physical = 1582 ; free virtual = 53881
---------------------------------------------------------------------------------

Report RTL Partitions: 
+-+--------------+------------+----------+
| |RTL Partition |Replication |Instances |
+-+--------------+------------+----------+
+-+--------------+------------+----------+
---------------------------------------------------------------------------------
Start RTL Component Statistics 
---------------------------------------------------------------------------------
Detailed RTL Component Info : 
---------------------------------------------------------------------------------
Finished RTL Component Statistics 
---------------------------------------------------------------------------------
---------------------------------------------------------------------------------
Start RTL Hierarchical Component Statistics 
---------------------------------------------------------------------------------
Hierarchical RTL Component report 
---------------------------------------------------------------------------------
Finished RTL Hierarchical Component Statistics
---------------------------------------------------------------------------------
---------------------------------------------------------------------------------
Start Part Resource Summary
---------------------------------------------------------------------------------
Part Resources:
DSPs: 2520 (col length:168)
BRAMs: 1824 (col length: RAMB18 168 RAMB36 84)
---------------------------------------------------------------------------------
Finished Part Resource Summary
---------------------------------------------------------------------------------
---------------------------------------------------------------------------------
Start Cross Boundary and Area Optimization
---------------------------------------------------------------------------------
Warning: Parallel synthesis criteria is not met 
---------------------------------------------------------------------------------
Finished Cross Boundary and Area Optimization : Time (s): cpu = 00:00:12 ; elapsed = 00:00:20 . Memory (MB): peak = 2494.789 ; gain = 1099.484 ; free physical = 1572 ; free virtual = 53872
---------------------------------------------------------------------------------

Report RTL Partitions: 
+-+--------------+------------+----------+
| |RTL Partition |Replication |Instances |
+-+--------------+------------+----------+
+-+--------------+------------+----------+
---------------------------------------------------------------------------------
Start Applying XDC Timing Constraints
---------------------------------------------------------------------------------
INFO: [Synth 8-5578] Moved timing constraint from pin 'design_1_i/zynq_ultra_ps_e_0/pl_clk0' to pin 'design_1_i/zynq_ultra_ps_e_0/bbstub_pl_clk0/O'
INFO: [Synth 8-5819] Moved 1 constraints on hierarchical pins to their respective driving/loading pins
---------------------------------------------------------------------------------
Finished Applying XDC Timing Constraints : Time (s): cpu = 00:00:29 ; elapsed = 00:00:50 . Memory (MB): peak = 2719.453 ; gain = 1324.148 ; free physical = 1011 ; free virtual = 53307
---------------------------------------------------------------------------------
---------------------------------------------------------------------------------
Start Timing Optimization
---------------------------------------------------------------------------------
---------------------------------------------------------------------------------
Finished Timing Optimization : Time (s): cpu = 00:00:29 ; elapsed = 00:00:50 . Memory (MB): peak = 2719.453 ; gain = 1324.148 ; free physical = 1011 ; free virtual = 53307
---------------------------------------------------------------------------------

Report RTL Partitions: 
+-+--------------+------------+----------+
| |RTL Partition |Replication |Instances |
+-+--------------+------------+----------+
+-+--------------+------------+----------+
---------------------------------------------------------------------------------
Start Technology Mapping
---------------------------------------------------------------------------------
---------------------------------------------------------------------------------
Finished Technology Mapping : Time (s): cpu = 00:00:29 ; elapsed = 00:00:50 . Memory (MB): peak = 2730.461 ; gain = 1335.156 ; free physical = 1007 ; free virtual = 53304
---------------------------------------------------------------------------------

Report RTL Partitions: 
+-+--------------+------------+----------+
| |RTL Partition |Replication |Instances |
+-+--------------+------------+----------+
+-+--------------+------------+----------+
---------------------------------------------------------------------------------
Start IO Insertion
---------------------------------------------------------------------------------
---------------------------------------------------------------------------------
Start Flattening Before IO Insertion
---------------------------------------------------------------------------------
---------------------------------------------------------------------------------
Finished Flattening Before IO Insertion
---------------------------------------------------------------------------------
---------------------------------------------------------------------------------
Start Final Netlist Cleanup
---------------------------------------------------------------------------------
---------------------------------------------------------------------------------
Finished Final Netlist Cleanup
---------------------------------------------------------------------------------
---------------------------------------------------------------------------------
Finished IO Insertion : Time (s): cpu = 00:00:29 ; elapsed = 00:00:50 . Memory (MB): peak = 2730.461 ; gain = 1335.156 ; free physical = 1006 ; free virtual = 53303
---------------------------------------------------------------------------------

Report Check Netlist: 
+------+------------------+-------+---------+-------+------------------+
|      |Item              |Errors |Warnings |Status |Description       |
+------+------------------+-------+---------+-------+------------------+
|1     |multi_driven_nets |      0|        0|Passed |Multi driven nets |
+------+------------------+-------+---------+-------+------------------+
---------------------------------------------------------------------------------
Start Renaming Generated Instances
---------------------------------------------------------------------------------
---------------------------------------------------------------------------------
Finished Renaming Generated Instances : Time (s): cpu = 00:00:29 ; elapsed = 00:00:50 . Memory (MB): peak = 2730.461 ; gain = 1335.156 ; free physical = 1006 ; free virtual = 53303
---------------------------------------------------------------------------------

Report RTL Partitions: 
+-+--------------+------------+----------+
| |RTL Partition |Replication |Instances |
+-+--------------+------------+----------+
+-+--------------+------------+----------+
---------------------------------------------------------------------------------
Start Rebuilding User Hierarchy
---------------------------------------------------------------------------------
---------------------------------------------------------------------------------
Finished Rebuilding User Hierarchy : Time (s): cpu = 00:00:29 ; elapsed = 00:00:50 . Memory (MB): peak = 2730.461 ; gain = 1335.156 ; free physical = 1006 ; free virtual = 53303
---------------------------------------------------------------------------------
---------------------------------------------------------------------------------
Start Renaming Generated Ports
---------------------------------------------------------------------------------
---------------------------------------------------------------------------------
Finished Renaming Generated Ports : Time (s): cpu = 00:00:29 ; elapsed = 00:00:50 . Memory (MB): peak = 2730.461 ; gain = 1335.156 ; free physical = 1006 ; free virtual = 53303
---------------------------------------------------------------------------------
---------------------------------------------------------------------------------
Start Handling Custom Attributes
---------------------------------------------------------------------------------
---------------------------------------------------------------------------------
Finished Handling Custom Attributes : Time (s): cpu = 00:00:29 ; elapsed = 00:00:50 . Memory (MB): peak = 2730.461 ; gain = 1335.156 ; free physical = 1007 ; free virtual = 53304
---------------------------------------------------------------------------------
---------------------------------------------------------------------------------
Start Renaming Generated Nets
---------------------------------------------------------------------------------
---------------------------------------------------------------------------------
Finished Renaming Generated Nets : Time (s): cpu = 00:00:29 ; elapsed = 00:00:50 . Memory (MB): peak = 2730.461 ; gain = 1335.156 ; free physical = 1007 ; free virtual = 53304
---------------------------------------------------------------------------------
---------------------------------------------------------------------------------
Start Writing Synthesis Report
---------------------------------------------------------------------------------

Report BlackBoxes: 
+------+-----------------------------+----------+
|      |BlackBox name                |Instances |
+------+-----------------------------+----------+
|1     |design_1_xbar_0              |         1|
|2     |design_1_auto_ds_0           |         1|
|3     |design_1_auto_pc_0           |         1|
|4     |design_1_axi_dma_0_1         |         1|
|5     |design_1_axi_smc_1           |         1|
|6     |design_1_axis_data_fifo_0_1  |         1|
|7     |design_1_rst_ps8_0_99M_1     |         1|
|8     |design_1_system_ila_0_0      |         1|
|9     |design_1_zynq_ultra_ps_e_0_0 |         1|
+------+-----------------------------+----------+

Report Cell Usage: 
+------+-----------------------------+------+
|      |Cell                         |Count |
+------+-----------------------------+------+
|1     |design_1_auto_ds_0           |     1|
|2     |design_1_auto_pc_0           |     1|
|3     |design_1_axi_dma_0_1         |     1|
|4     |design_1_axi_smc_1           |     1|
|5     |design_1_axis_data_fifo_0_1  |     1|
|6     |design_1_rst_ps8_0_99M_1     |     1|
|7     |design_1_system_ila_0_0      |     1|
|8     |design_1_xbar_0              |     1|
|9     |design_1_zynq_ultra_ps_e_0_0 |     1|
+------+-----------------------------+------+

Report Instance Areas: 
+------+---------------------+----------------------------+------+
|      |Instance             |Module                      |Cells |
+------+---------------------+----------------------------+------+
|1     |top                  |                            |  2122|
|2     |  design_1_i         |design_1                    |  2122|
|3     |    ps8_0_axi_periph |design_1_ps8_0_axi_periph_1 |   728|
|4     |      s00_couplers   |s00_couplers_imp_1A7ZMW4    |   519|
|5     |    xlconcat_0       |design_1_xlconcat_0_0       |     0|
+------+---------------------+----------------------------+------+
---------------------------------------------------------------------------------
Finished Writing Synthesis Report : Time (s): cpu = 00:00:29 ; elapsed = 00:00:50 . Memory (MB): peak = 2730.461 ; gain = 1335.156 ; free physical = 1007 ; free virtual = 53304
---------------------------------------------------------------------------------
Synthesis finished with 0 errors, 0 critical warnings and 305 warnings.
Synthesis Optimization Runtime : Time (s): cpu = 00:00:21 ; elapsed = 00:00:35 . Memory (MB): peak = 2730.461 ; gain = 354.422 ; free physical = 1047 ; free virtual = 53343
Synthesis Optimization Complete : Time (s): cpu = 00:00:29 ; elapsed = 00:00:50 . Memory (MB): peak = 2730.469 ; gain = 1335.156 ; free physical = 1047 ; free virtual = 53343
INFO: [Project 1-571] Translating synthesized netlist
INFO: [Project 1-570] Preparing netlist for logic optimization
INFO: [Opt 31-138] Pushed 0 inverter(s) to 0 load pin(s).
Netlist sorting complete. Time (s): cpu = 00:00:00 ; elapsed = 00:00:00 . Memory (MB): peak = 2770.094 ; gain = 0.000 ; free physical = 976 ; free virtual = 53273
INFO: [Project 1-111] Unisim Transformation Summary:
No Unisim elements were transformed.

INFO: [Common 17-83] Releasing license: Synthesis
57 Infos, 107 Warnings, 0 Critical Warnings and 0 Errors encountered.
synth_design completed successfully
synth_design: Time (s): cpu = 00:00:31 ; elapsed = 00:00:53 . Memory (MB): peak = 2782.094 ; gain = 1400.938 ; free physical = 1026 ; free virtual = 53323
INFO: [Common 17-600] The following parameters have non-default value.
tcl.collectionResultDisplayLimit
Netlist sorting complete. Time (s): cpu = 00:00:00 ; elapsed = 00:00:00 . Memory (MB): peak = 2782.094 ; gain = 0.000 ; free physical = 1026 ; free virtual = 53323
WARNING: [Constraints 18-5210] No constraints selected for write.
Resolution: This message can indicate that there are no constraints for the design, or it can indicate that the used_in flags are set such that the constraints are ignored. This later case is used when running synth_design to not write synthesis constraints to the resulting checkpoint. Instead, project constraints are read when the synthesized design is opened.
INFO: [Common 17-1381] The checkpoint '/home/ad2039/A02DMA/A00HW/dma/dma.runs/synth_1/design_1_wrapper.dcp' has been generated.
INFO: [runtcl-4] Executing : report_utilization -file design_1_wrapper_utilization_synth.rpt -pb design_1_wrapper_utilization_synth.pb
INFO: [Common 17-206] Exiting Vivado at Sun Oct 25 23:21:28 2020...
